<?xml version="1.0" encoding="UTF-8" ?>
<testsuite tests="0" failures="0" name="QiNiuTest" time="0" errors="0" skipped="0">
  <properties>
    <property name="java.runtime.name" value="Java(TM) SE Runtime Environment"/>
    <property name="java.vm.version" value="10.0.1+10"/>
    <property name="sun.boot.library.path" value="C:\Program Files (x86)\Java\jdk10.0.1\bin"/>
    <property name="maven.multiModuleProjectDirectory" value="D:\eclipse-workspace\blog_back"/>
    <property name="java.vm.vendor" value="&quot;Oracle Corporation&quot;"/>
    <property name="java.vendor.url" value="http://java.oracle.com/"/>
    <property name="guice.disable.misplaced.annotation.check" value="true"/>
    <property name="path.separator" value=";"/>
    <property name="java.vm.name" value="Java HotSpot(TM) 64-Bit Server VM"/>
    <property name="file.encoding.pkg" value="sun.io"/>
    <property name="sun.os.patch.level" value=""/>
    <property name="user.script" value=""/>
    <property name="user.country" value="CN"/>
    <property name="sun.java.launcher" value="SUN_STANDARD"/>
    <property name="java.vm.specification.name" value="Java Virtual Machine Specification"/>
    <property name="user.dir" value="D:\eclipse-workspace\blog_back"/>
    <property name="java.vm.compressedOopsMode" value="32-bit"/>
    <property name="java.runtime.version" value="10.0.1+10"/>
    <property name="java.awt.graphicsenv" value="sun.awt.Win32GraphicsEnvironment"/>
    <property name="os.arch" value="amd64"/>
    <property name="java.io.tmpdir" value="C:\Users\涂文强\AppData\Local\Temp\"/>
    <property name="line.separator" value="
"/>
    <property name="java.vm.specification.vendor" value="Oracle Corporation"/>
    <property name="user.variant" value=""/>
    <property name="os.name" value="Windows 10"/>
    <property name="classworlds.conf" value="D:\eclipse-workspace\.metadata\.plugins\org.eclipse.m2e.launching\launches\m2conf14778150971833166777.tmp"/>
    <property name="sun.jnu.encoding" value="GBK"/>
    <property name="java.library.path" value="C:\Program Files (x86)\Java\jdk10.0.1\bin;C:\WINDOWS\Sun\Java\bin;C:\WINDOWS\system32;C:\WINDOWS;C:/Program Files (x86)/Java/jdk10.0.1/bin/server;C:/Program Files (x86)/Java/jdk10.0.1/bin;C:\Ruby25-x64\bin;C:\Program Files (x86)\Java\jdk10.0.1\bin;C:\Program Files (x86)\Common Files\Oracle\Java\javapath;c:\program files\graphicsmagick-1.3.28-q16;C:\ProgramData\Oracle\Java\javapath;C:\Program Files (x86)\NVIDIA Corporation\PhysX\Common;C:\Program Files\MySQL\MySQL Server 8.0\bin;C:\WINDOWS\system32;C:\WINDOWS;C:\WINDOWS\System32\Wbem;C:\WINDOWS\System32\WindowsPowerShell\v1.0\;C:\Program Files\Git\cmd;D:\svn\bin;C:\Program Files\TortoiseSVN\bin;E:\tools\instantclient_12_1;D:\maven\apache-maven-3.3.9\bin;%ERLANG_HOME%\bin;E:\后端\rabbitmq\rabbitmq_server-3.7.0\sbin;C:\Program Files\nodejs\;C:\Program Files\MongoDB\Server\3.6\bin;C:\Program Files\GraphicsMagick-1.3.28-Q16;D:\Android\SDK\tools;D:\Android\SDK\platform-tools;F:\php\wamp\bin\php\php5.3.10;F:\php\wamp\bin\php\php7.2;C:\ProgramData\ComposerSetup\bin;C:\Users\涂文强\AppData\Roaming\Composer\vendor\bin;D:\compose;C:\WINDOWS\system32;C:\WINDOWS;C:\WINDOWS\System32\Wbem;C:\WINDOWS\System32\WindowsPowerShell\v1.0\;C:\Program Files\dotnet\;D:\redis3.0\;D:\redis3.0\;C:\WINDOWS\System32\OpenSSH\;C:\Users\涂文强\AppData\Local\Programs\Python\Python36\Scripts\;C:\Users\涂文强\AppData\Local\Programs\Python\Python36\;C:\Users\涂文强\AppData\Local\Microsoft\WindowsApps;C:\Program Files (x86)\SSH Communications Security\SSH Secure Shell;C:\Users\涂文强\AppData\Roaming\npm;F:\adb\platform-tools;C:\Users\涂文强\AppData\Roaming\Composer\vendor\bin;;C:\Users\涂文强\Desktop;;."/>
    <property name="jdk.debug" value="release"/>
    <property name="java.class.version" value="54.0"/>
    <property name="java.specification.name" value="Java Platform API Specification"/>
    <property name="sun.management.compiler" value="HotSpot 64-Bit Tiered Compilers"/>
    <property name="os.version" value="10.0"/>
    <property name="user.home" value="C:\Users\涂文强"/>
    <property name="user.timezone" value="Asia/Shanghai"/>
    <property name="java.awt.printerjob" value="sun.awt.windows.WPrinterJob"/>
    <property name="file.encoding" value="UTF-8"/>
    <property name="java.specification.version" value="10"/>
    <property name="user.name" value="s1246361002"/>
    <property name="java.class.path" value="C:\Users\涂文强\.p2\pool\plugins\org.eclipse.m2e.maven.runtime_1.8.3.20180227-2135\jars\plexus-classworlds-2.5.2.jar"/>
    <property name="java.vm.specification.version" value="10"/>
    <property name="sun.arch.data.model" value="64"/>
    <property name="sun.java.command" value="org.codehaus.plexus.classworlds.launcher.Launcher -B -gs D:\maven\apache-maven-3.5.0\conf\settings.xml package"/>
    <property name="java.home" value="C:\Program Files (x86)\Java\jdk10.0.1"/>
    <property name="user.language" value="zh"/>
    <property name="java.specification.vendor" value="Oracle Corporation"/>
    <property name="awt.toolkit" value="sun.awt.windows.WToolkit"/>
    <property name="java.vm.info" value="mixed mode"/>
    <property name="java.version" value="10.0.1"/>
    <property name="java.vendor" value="Oracle Corporation"/>
    <property name="maven.home" value="D:\eclipse-workspace\blog_back\EMBEDDED"/>
    <property name="file.separator" value="\"/>
    <property name="java.version.date" value="2018-04-17"/>
    <property name="java.vendor.url.bug" value="http://bugreport.java.com/bugreport/"/>
    <property name="sun.io.unicode.encoding" value="UnicodeLittle"/>
    <property name="sun.cpu.endian" value="little"/>
    <property name="java.vendor.version" value="18.3"/>
    <property name="sun.desktop" value="windows"/>
    <property name="sun.cpu.isalist" value="amd64"/>
  </properties>
</testsuite>